[2022-02-08T17:28:29.720] [DEBUG] cheese - login => username:zs,password:123456
[2022-02-08T17:28:29.823] [DEBUG] cheese - zs
[2022-02-08T17:28:29.997] [DEBUG] cheese - null
[2022-02-08T17:28:30.000] [DEBUG] cheese - null
[2022-02-08T17:30:09.362] [DEBUG] cheese - login => username:admin,password:123456
[2022-02-08T17:30:09.363] [DEBUG] cheese - admin
[2022-02-08T17:30:09.385] [DEBUG] cheese - null
[2022-02-08T17:30:09.385] [DEBUG] cheese - null
[2022-02-10T23:06:36.761] [DEBUG] cheese - login => username:xibing,password:12345890
[2022-02-10T23:06:36.762] [DEBUG] cheese - xibing
[2022-02-10T23:06:36.964] [DEBUG] cheese - null
[2022-02-10T23:06:36.966] [DEBUG] cheese - null
[2022-02-10T23:08:10.230] [DEBUG] cheese - login => username:xibing,password:12345997
[2022-02-10T23:08:10.231] [DEBUG] cheese - xibing
[2022-02-10T23:08:10.241] [DEBUG] cheese - null
[2022-02-10T23:08:10.241] [DEBUG] cheese - null
[2022-02-10T23:20:31.133] [DEBUG] cheese - login => username:xibing,password:1234598
[2022-02-10T23:20:31.133] [DEBUG] cheese - xibing
[2022-02-10T23:20:31.150] [DEBUG] cheese - null
[2022-02-10T23:20:31.150] [DEBUG] cheese - null
[2022-02-10T23:22:11.136] [DEBUG] cheese - login => username:xibing,password:1234590097
[2022-02-10T23:22:11.137] [DEBUG] cheese - xibing
[2022-02-10T23:22:11.142] [DEBUG] cheese - null
[2022-02-10T23:22:11.143] [DEBUG] cheese - null
[2022-02-10T23:38:05.274] [DEBUG] cheese - login => username:admin,password:123456
[2022-02-10T23:38:05.276] [DEBUG] cheese - admin
[2022-02-10T23:38:05.292] [DEBUG] cheese - null
[2022-02-10T23:38:05.292] [DEBUG] cheese - null
[2022-02-10T23:40:50.321] [DEBUG] cheese - login => username:admin,password:123456
[2022-02-10T23:40:50.321] [DEBUG] cheese - admin
[2022-02-10T23:40:50.333] [DEBUG] cheese - null
[2022-02-10T23:40:50.333] [DEBUG] cheese - null
[2022-02-11T00:01:04.614] [DEBUG] cheese - login => username:admin,password:123456
[2022-02-11T00:01:04.615] [DEBUG] cheese - admin
[2022-02-11T00:01:04.627] [DEBUG] cheese - null
[2022-02-11T00:01:04.627] [DEBUG] cheese - null
[2022-02-11T10:48:02.015] [DEBUG] cheese - login => username:admin,password:123456
[2022-02-11T10:48:02.017] [DEBUG] cheese - admin
[2022-02-11T10:48:02.183] [DEBUG] cheese - null
[2022-02-11T10:48:02.184] [DEBUG] cheese - null
[2022-02-11T10:49:47.703] [DEBUG] cheese - login => username:admin,password:123456i
[2022-02-11T10:49:47.704] [DEBUG] cheese - admin
[2022-02-11T10:49:47.707] [DEBUG] cheese - null
[2022-02-11T10:49:47.707] [DEBUG] cheese - null
[2022-02-11T10:49:53.133] [DEBUG] cheese - login => username:admin,password:123456i
[2022-02-11T10:49:53.133] [DEBUG] cheese - admin
[2022-02-11T10:49:53.137] [DEBUG] cheese - null
[2022-02-11T10:49:53.137] [DEBUG] cheese - null
[2022-02-11T10:49:53.838] [DEBUG] cheese - login => username:admin,password:123456i
[2022-02-11T10:49:53.838] [DEBUG] cheese - admin
[2022-02-11T10:49:53.841] [DEBUG] cheese - null
[2022-02-11T10:49:53.841] [DEBUG] cheese - null
[2022-02-11T10:49:54.006] [DEBUG] cheese - login => username:admin,password:123456i
[2022-02-11T10:49:54.006] [DEBUG] cheese - admin
[2022-02-11T10:49:54.010] [DEBUG] cheese - null
[2022-02-11T10:49:54.010] [DEBUG] cheese - null
[2022-02-11T10:49:54.158] [DEBUG] cheese - login => username:admin,password:123456i
[2022-02-11T10:49:54.158] [DEBUG] cheese - admin
[2022-02-11T10:49:54.161] [DEBUG] cheese - null
[2022-02-11T10:49:54.161] [DEBUG] cheese - null
[2022-02-11T10:49:54.323] [DEBUG] cheese - login => username:admin,password:123456i
[2022-02-11T10:49:54.324] [DEBUG] cheese - admin
[2022-02-11T10:49:54.327] [DEBUG] cheese - null
[2022-02-11T10:49:54.327] [DEBUG] cheese - null
[2022-02-11T10:49:54.498] [DEBUG] cheese - login => username:admin,password:123456i
[2022-02-11T10:49:54.499] [DEBUG] cheese - admin
[2022-02-11T10:49:54.501] [DEBUG] cheese - null
[2022-02-11T10:49:54.501] [DEBUG] cheese - null
[2022-02-11T10:49:54.666] [DEBUG] cheese - login => username:admin,password:123456i
[2022-02-11T10:49:54.666] [DEBUG] cheese - admin
[2022-02-11T10:49:54.670] [DEBUG] cheese - null
[2022-02-11T10:49:54.670] [DEBUG] cheese - null
[2022-02-11T10:50:26.563] [DEBUG] cheese - login => username:admin,password:123456
[2022-02-11T10:50:26.563] [DEBUG] cheese - admin
[2022-02-11T10:50:26.567] [DEBUG] cheese - null
[2022-02-11T10:50:26.568] [DEBUG] cheese - null
[2022-02-11T12:12:02.459] [DEBUG] cheese - login => username:admin,password:123456
[2022-02-11T12:12:02.460] [DEBUG] cheese - admin
[2022-02-11T12:12:02.484] [DEBUG] cheese - null
[2022-02-11T12:12:02.484] [DEBUG] cheese - null
[2022-02-11T13:01:57.984] [DEBUG] cheese - login => username:admin,password:123456
[2022-02-11T13:01:57.985] [DEBUG] cheese - admin
[2022-02-11T13:01:58.170] [DEBUG] cheese - null
[2022-02-11T13:01:58.171] [DEBUG] cheese - null
[2022-02-11T13:17:10.182] [DEBUG] cheese - login => username:admin,password:123456
[2022-02-11T13:17:10.183] [DEBUG] cheese - admin
[2022-02-11T13:17:10.197] [DEBUG] cheese - null
[2022-02-11T13:17:10.197] [DEBUG] cheese - null
[2022-02-11T17:55:31.896] [DEBUG] cheese - login => username:admin,password:123456
[2022-02-11T17:55:31.904] [DEBUG] cheese - admin
[2022-02-11T17:55:32.199] [DEBUG] cheese - null
[2022-02-11T17:55:32.202] [DEBUG] cheese - null
[2022-02-12T16:13:40.564] [DEBUG] cheese - login => username:admin,password:123456
[2022-02-12T16:13:40.581] [DEBUG] cheese - admin
[2022-02-12T16:13:40.802] [DEBUG] cheese - null
[2022-02-12T16:13:40.804] [DEBUG] cheese - null
[2022-02-12T16:27:07.072] [DEBUG] cheese - login => username:admin,password:123456
[2022-02-12T16:27:07.072] [DEBUG] cheese - admin
[2022-02-12T16:27:07.084] [DEBUG] cheese - null
[2022-02-12T16:27:07.084] [DEBUG] cheese - null
[2022-02-12T16:46:25.858] [DEBUG] cheese - login => username:admin,password:123456
[2022-02-12T16:46:25.858] [DEBUG] cheese - admin
[2022-02-12T16:46:25.869] [DEBUG] cheese - null
[2022-02-12T16:46:25.869] [DEBUG] cheese - null
[2022-02-12T17:45:21.590] [DEBUG] cheese - login => username:admin,password:123456
[2022-02-12T17:45:21.591] [DEBUG] cheese - admin
[2022-02-12T17:45:21.602] [DEBUG] cheese - null
[2022-02-12T17:45:21.603] [DEBUG] cheese - null
[2022-02-12T17:47:59.021] [DEBUG] cheese - login => username:admin,password:123456
[2022-02-12T17:47:59.021] [DEBUG] cheese - admin
[2022-02-12T17:47:59.025] [DEBUG] cheese - null
[2022-02-12T17:47:59.025] [DEBUG] cheese - null
[2022-02-12T18:13:30.804] [DEBUG] cheese - login => username:admin,password:123456
[2022-02-12T18:13:30.805] [DEBUG] cheese - admin
[2022-02-12T18:13:30.815] [DEBUG] cheese - null
[2022-02-12T18:13:30.816] [DEBUG] cheese - null
[2022-02-12T22:32:52.645] [DEBUG] cheese - login => username:admin,password:123456
[2022-02-12T22:32:52.651] [DEBUG] cheese - admin
[2022-02-12T22:32:52.793] [DEBUG] cheese - null
[2022-02-12T22:32:52.795] [DEBUG] cheese - null
[2022-02-13T11:20:27.966] [DEBUG] cheese - login => username:admin,password:123456
[2022-02-13T11:20:27.975] [DEBUG] cheese - admin
[2022-02-13T11:20:28.231] [DEBUG] cheese - null
[2022-02-13T11:20:28.232] [DEBUG] cheese - null
[2022-02-13T16:25:36.558] [DEBUG] cheese - login => username:admin,password:123456
[2022-02-13T16:25:36.585] [DEBUG] cheese - admin
[2022-02-13T16:25:36.708] [DEBUG] cheese - null
[2022-02-13T16:25:36.710] [DEBUG] cheese - null
[2022-02-13T21:34:45.081] [DEBUG] cheese - login => username:admin,password:123456
[2022-02-13T21:34:45.086] [DEBUG] cheese - admin
[2022-02-13T21:34:45.225] [DEBUG] cheese - null
[2022-02-13T21:34:45.227] [DEBUG] cheese - null
[2022-02-14T18:18:59.343] [DEBUG] cheese - login => username:admin,password:123456
[2022-02-14T18:18:59.379] [DEBUG] cheese - admin
[2022-02-14T18:18:59.518] [DEBUG] cheese - null
[2022-02-14T18:18:59.520] [DEBUG] cheese - null
[2022-02-15T18:57:04.535] [DEBUG] cheese - login => username:admin,password:123456
[2022-02-15T18:57:04.550] [DEBUG] cheese - admin
[2022-02-15T18:57:04.803] [DEBUG] cheese - null
[2022-02-15T18:57:04.805] [DEBUG] cheese - null
[2022-02-15T22:01:26.586] [DEBUG] cheese - login => username:admin,password:123456
[2022-02-15T22:01:26.589] [DEBUG] cheese - admin
[2022-02-15T22:01:26.627] [DEBUG] cheese - null
[2022-02-15T22:01:26.627] [DEBUG] cheese - null
[2022-02-16T10:45:44.965] [DEBUG] cheese - login => username:admin,password:123456
[2022-02-16T10:45:44.967] [DEBUG] cheese - admin
[2022-02-16T10:45:45.086] [DEBUG] cheese - null
[2022-02-16T10:45:45.088] [DEBUG] cheese - null
[2022-02-16T10:46:04.733] [DEBUG] cheese - null
[2022-02-16T10:52:37.725] [DEBUG] cheese - login => username:admin,password:123456
[2022-02-16T10:52:37.726] [DEBUG] cheese - admin
[2022-02-16T10:52:37.739] [DEBUG] cheese - null
[2022-02-16T10:52:37.739] [DEBUG] cheese - null
[2022-02-16T11:52:35.168] [DEBUG] cheese - null
[2022-02-16T11:54:19.535] [DEBUG] cheese - null
[2022-02-16T15:36:20.017] [DEBUG] cheese - login => username:admin,password:123456
[2022-02-16T15:36:20.019] [DEBUG] cheese - admin
[2022-02-16T15:36:20.189] [DEBUG] cheese - null
[2022-02-16T15:36:20.191] [DEBUG] cheese - null
[2022-02-17T17:41:37.932] [DEBUG] cheese - login => username:admin,password:123456
[2022-02-17T17:41:37.940] [DEBUG] cheese - admin
[2022-02-17T17:41:38.173] [DEBUG] cheese - null
[2022-02-17T17:41:38.174] [DEBUG] cheese - null
[2022-02-18T11:54:08.878] [DEBUG] cheese - login => username:admin,password:123456
[2022-02-18T11:54:08.897] [DEBUG] cheese - admin
[2022-02-18T11:54:09.113] [DEBUG] cheese - null
[2022-02-18T11:54:09.113] [DEBUG] cheese - null
[2022-02-18T12:52:36.921] [DEBUG] cheese - login => username:admin,password:123456
[2022-02-18T12:52:36.922] [DEBUG] cheese - admin
[2022-02-18T12:52:36.946] [DEBUG] cheese - null
[2022-02-18T12:52:36.947] [DEBUG] cheese - null
[2022-02-18T12:58:29.036] [DEBUG] cheese - login => username:admin,password:123456
[2022-02-18T12:58:29.036] [DEBUG] cheese - admin
[2022-02-18T12:58:29.043] [DEBUG] cheese - null
[2022-02-18T12:58:29.044] [DEBUG] cheese - null
[2022-02-18T13:02:04.661] [DEBUG] cheese - login => username:admin,password:123456
[2022-02-18T13:02:04.662] [DEBUG] cheese - admin
[2022-02-18T13:02:04.671] [DEBUG] cheese - null
[2022-02-18T13:02:04.671] [DEBUG] cheese - null
[2022-02-18T17:50:13.247] [DEBUG] cheese - login => username:admin,password:123456
[2022-02-18T17:50:13.255] [DEBUG] cheese - admin
[2022-02-18T17:50:13.419] [DEBUG] cheese - null
[2022-02-18T17:50:13.421] [DEBUG] cheese - null
[2022-02-18T23:06:07.231] [DEBUG] cheese - login => username:admin,password:123456
[2022-02-18T23:06:07.239] [DEBUG] cheese - admin
[2022-02-18T23:06:07.665] [DEBUG] cheese - null
[2022-02-18T23:06:07.667] [DEBUG] cheese - null
[2022-02-19T13:28:58.739] [DEBUG] cheese - login => username:admin,password:123456
[2022-02-19T13:28:58.756] [DEBUG] cheese - admin
[2022-02-19T13:28:58.931] [DEBUG] cheese - null
[2022-02-19T13:28:58.932] [DEBUG] cheese - null
[2022-02-19T22:15:14.720] [DEBUG] cheese - login => username:admin,password:123456
[2022-02-19T22:15:14.724] [DEBUG] cheese - admin
[2022-02-19T22:15:14.753] [DEBUG] cheese - null
[2022-02-19T22:15:14.754] [DEBUG] cheese - null
[2022-02-20T22:15:41.641] [DEBUG] cheese - login => username:admin,password:123456
[2022-02-20T22:15:41.665] [DEBUG] cheese - admin
[2022-02-20T22:15:42.017] [DEBUG] cheese - null
[2022-02-20T22:15:42.019] [DEBUG] cheese - null
[2022-02-21T22:01:23.074] [DEBUG] cheese - login => username:admin,password:123456
[2022-02-21T22:01:23.076] [DEBUG] cheese - admin
[2022-02-21T22:01:23.184] [DEBUG] cheese - null
[2022-02-21T22:01:23.186] [DEBUG] cheese - null
[2022-02-21T23:08:44.917] [DEBUG] cheese - login => username:admin,password:123456
[2022-02-21T23:08:44.921] [DEBUG] cheese - admin
[2022-02-21T23:08:44.934] [DEBUG] cheese - null
[2022-02-21T23:08:44.935] [DEBUG] cheese - null
[2022-02-21T23:13:43.340] [DEBUG] cheese - login => username:admin,password:123456
[2022-02-21T23:13:43.341] [DEBUG] cheese - admin
[2022-02-21T23:13:43.354] [DEBUG] cheese - null
[2022-02-21T23:13:43.354] [DEBUG] cheese - null
[2022-02-21T23:14:01.888] [DEBUG] cheese - login => username:admin,password:123456
[2022-02-21T23:14:01.888] [DEBUG] cheese - admin
[2022-02-21T23:14:01.891] [DEBUG] cheese - null
[2022-02-21T23:14:01.892] [DEBUG] cheese - null
[2022-02-21T23:26:30.808] [DEBUG] cheese - login => username:admin,password:123456
[2022-02-21T23:26:30.809] [DEBUG] cheese - admin
[2022-02-21T23:26:30.821] [DEBUG] cheese - null
[2022-02-21T23:26:30.821] [DEBUG] cheese - null
[2022-02-21T23:37:06.385] [DEBUG] cheese - login => username:admin,password:123456
[2022-02-21T23:37:06.386] [DEBUG] cheese - admin
[2022-02-21T23:37:06.402] [DEBUG] cheese - null
[2022-02-21T23:37:06.403] [DEBUG] cheese - null
[2022-02-22T00:36:08.133] [DEBUG] cheese - login => username:admin,password:123456
[2022-02-22T00:36:08.136] [DEBUG] cheese - admin
[2022-02-22T00:36:08.149] [DEBUG] cheese - null
[2022-02-22T00:36:08.150] [DEBUG] cheese - null
[2022-02-22T23:41:22.567] [DEBUG] cheese - login => username:admin,password:123456
[2022-02-22T23:41:22.569] [DEBUG] cheese - admin
[2022-02-22T23:41:22.626] [DEBUG] cheese - null
[2022-02-22T23:41:22.627] [DEBUG] cheese - null
[2022-02-23T15:38:14.812] [DEBUG] cheese - login => username:admin,password:123456
[2022-02-23T15:38:14.815] [DEBUG] cheese - admin
[2022-02-23T15:38:14.867] [DEBUG] cheese - null
[2022-02-23T15:38:14.868] [DEBUG] cheese - null
[2022-02-24T00:38:24.646] [DEBUG] cheese - login => username:admin,password:123456
[2022-02-24T00:38:24.650] [DEBUG] cheese - admin
[2022-02-24T00:38:24.665] [DEBUG] cheese - null
[2022-02-24T00:38:24.665] [DEBUG] cheese - null
[2022-02-24T10:53:36.111] [DEBUG] cheese - login => username:admin,password:123456
[2022-02-24T10:53:36.113] [DEBUG] cheese - admin
[2022-02-24T10:53:36.169] [DEBUG] cheese - null
[2022-02-24T10:53:36.169] [DEBUG] cheese - null
[2022-02-24T15:54:00.084] [DEBUG] cheese - login => username:admin,password:123456
[2022-02-24T15:54:00.086] [DEBUG] cheese - admin
[2022-02-24T15:54:00.094] [DEBUG] cheese - null
[2022-02-24T15:54:00.095] [DEBUG] cheese - null
[2022-02-24T22:13:04.318] [DEBUG] cheese - login => username:admin,password:123456
[2022-02-24T22:13:04.322] [DEBUG] cheese - admin
[2022-02-24T22:13:04.392] [DEBUG] cheese - null
[2022-02-24T22:13:04.393] [DEBUG] cheese - null
[2022-02-25T00:37:45.497] [DEBUG] cheese - login => username:admin,password:123456
[2022-02-25T00:37:45.500] [DEBUG] cheese - admin
[2022-02-25T00:37:45.516] [DEBUG] cheese - null
[2022-02-25T00:37:45.517] [DEBUG] cheese - null
[2022-02-25T12:04:43.511] [DEBUG] cheese - login => username:admin,password:123456
[2022-02-25T12:04:43.513] [DEBUG] cheese - admin
[2022-02-25T12:04:43.564] [DEBUG] cheese - null
[2022-02-25T12:04:43.565] [DEBUG] cheese - null
[2022-02-26T00:41:06.398] [DEBUG] cheese - null
[2022-02-26T00:45:59.942] [DEBUG] cheese - null
[2022-02-26T12:13:12.457] [DEBUG] cheese - login => username:admin,password:123456
[2022-02-26T12:13:12.460] [DEBUG] cheese - admin
[2022-02-26T12:13:12.534] [DEBUG] cheese - null
[2022-02-26T12:13:12.535] [DEBUG] cheese - null
[2022-02-26T17:57:36.613] [DEBUG] cheese - null
[2022-02-26T22:19:30.745] [DEBUG] cheese - null
[2022-02-26T22:52:08.019] [DEBUG] cheese - null
[2022-02-26T22:53:25.623] [DEBUG] cheese - null
[2022-02-26T23:20:08.098] [DEBUG] cheese - null
[2022-02-27T09:29:14.223] [DEBUG] cheese - login => username:admin,password:123456
[2022-02-27T09:29:14.240] [DEBUG] cheese - admin
[2022-02-27T09:29:14.309] [DEBUG] cheese - null
[2022-02-27T09:29:14.310] [DEBUG] cheese - null
[2022-02-27T15:11:30.310] [DEBUG] cheese - login => username:admin,password:123456
[2022-02-27T15:11:30.312] [DEBUG] cheese - admin
[2022-02-27T15:11:30.329] [DEBUG] cheese - null
[2022-02-27T15:11:30.330] [DEBUG] cheese - null
[2022-02-27T16:46:36.720] [DEBUG] cheese - login => username:admin,password:123456
[2022-02-27T16:46:36.722] [DEBUG] cheese - admin
[2022-02-27T16:46:36.742] [DEBUG] cheese - null
[2022-02-27T16:46:36.742] [DEBUG] cheese - null
[2022-02-27T22:46:20.816] [DEBUG] cheese - login => username:admin,password:123456
[2022-02-27T22:46:20.831] [DEBUG] cheese - admin
[2022-02-27T22:46:20.858] [DEBUG] cheese - null
[2022-02-27T22:46:20.859] [DEBUG] cheese - null
[2022-02-27T23:25:21.567] [DEBUG] cheese - null
[2022-02-27T23:31:41.938] [DEBUG] cheese - login => username:admin,password:123456
[2022-02-27T23:31:41.940] [DEBUG] cheese - admin
[2022-02-27T23:31:41.967] [DEBUG] cheese - null
[2022-02-27T23:31:41.967] [DEBUG] cheese - null
[2022-02-27T23:32:11.785] [DEBUG] cheese - null
[2022-02-27T23:32:58.142] [DEBUG] cheese - login => username:admin,password:123456
[2022-02-27T23:32:58.145] [DEBUG] cheese - admin
[2022-02-27T23:32:58.152] [DEBUG] cheese - null
[2022-02-27T23:32:58.152] [DEBUG] cheese - null
[2022-02-27T23:55:08.560] [DEBUG] cheese - login => username:admin,password:123456
[2022-02-27T23:55:08.562] [DEBUG] cheese - admin
[2022-02-27T23:55:08.586] [DEBUG] cheese - null
[2022-02-27T23:55:08.587] [DEBUG] cheese - null
[2022-02-28T00:00:29.148] [DEBUG] cheese - null
[2022-02-28T00:00:32.625] [DEBUG] cheese - null
[2022-02-28T00:00:34.699] [DEBUG] cheese - null
[2022-02-28T00:07:00.843] [DEBUG] cheese - login => username:admin,password:123456
[2022-02-28T00:07:00.844] [DEBUG] cheese - admin
[2022-02-28T00:07:00.870] [DEBUG] cheese - null
[2022-02-28T00:07:00.872] [DEBUG] cheese - null
[2022-02-28T00:15:43.490] [DEBUG] cheese - null
[2022-02-28T09:28:39.373] [DEBUG] cheese - login => username:admin444,password:123456
[2022-02-28T09:28:39.375] [DEBUG] cheese - admin444
[2022-02-28T09:28:39.427] [DEBUG] cheese - null
[2022-02-28T09:28:39.428] [DEBUG] cheese - null
[2022-02-28T09:28:44.720] [DEBUG] cheese - login => username:admi,password:123456
[2022-02-28T09:28:44.720] [DEBUG] cheese - admi
[2022-02-28T09:28:44.725] [DEBUG] cheese - null
[2022-02-28T09:28:44.725] [DEBUG] cheese - null
[2022-02-28T09:28:47.914] [DEBUG] cheese - login => username:admin,password:123456
[2022-02-28T09:28:47.915] [DEBUG] cheese - admin
[2022-02-28T09:28:47.920] [DEBUG] cheese - null
[2022-02-28T09:28:47.921] [DEBUG] cheese - null
[2022-02-28T09:28:57.058] [DEBUG] cheese - login => username:admin,password:123456
[2022-02-28T09:28:57.058] [DEBUG] cheese - admin
[2022-02-28T09:28:57.061] [DEBUG] cheese - null
[2022-02-28T09:28:57.062] [DEBUG] cheese - null
[2022-02-28T10:22:07.418] [DEBUG] cheese - login => username:aaaaa,password:123456
[2022-02-28T10:22:07.420] [DEBUG] cheese - aaaaa
[2022-02-28T10:22:07.437] [DEBUG] cheese - null
[2022-02-28T10:22:07.438] [DEBUG] cheese - null
[2022-02-28T10:22:17.486] [DEBUG] cheese - login => username:admin,password:6666666
[2022-02-28T10:22:17.486] [DEBUG] cheese - admin
[2022-02-28T10:22:17.495] [DEBUG] cheese - null
[2022-02-28T10:22:17.496] [DEBUG] cheese - null
[2022-02-28T10:22:26.514] [DEBUG] cheese - login => username:admin,password:123456
[2022-02-28T10:22:26.514] [DEBUG] cheese - admin
[2022-02-28T10:22:26.520] [DEBUG] cheese - null
[2022-02-28T10:22:26.520] [DEBUG] cheese - null
[2022-02-28T10:27:22.547] [DEBUG] cheese - null
[2022-02-28T10:27:24.974] [DEBUG] cheese - null
[2022-02-28T10:27:27.029] [DEBUG] cheese - null
[2022-02-28T10:29:59.558] [DEBUG] cheese - null
[2022-02-28T10:32:10.007] [DEBUG] cheese - null
[2022-02-28T10:32:24.403] [DEBUG] cheese - null
[2022-02-28T10:32:42.969] [DEBUG] cheese - null
[2022-02-28T10:33:19.034] [DEBUG] cheese - null
[2022-02-28T10:35:37.937] [DEBUG] cheese - login => username:admin,password:123456
[2022-02-28T10:35:37.939] [DEBUG] cheese - admin
[2022-02-28T10:35:37.965] [DEBUG] cheese - null
[2022-02-28T10:35:37.966] [DEBUG] cheese - null
[2022-02-28T10:35:52.457] [DEBUG] cheese - login => username:adddd,password:123456
[2022-02-28T10:35:52.458] [DEBUG] cheese - adddd
[2022-02-28T10:35:52.463] [DEBUG] cheese - null
[2022-02-28T10:35:52.463] [DEBUG] cheese - null
[2022-02-28T10:35:58.724] [DEBUG] cheese - login => username:adddd,password:11222222
[2022-02-28T10:35:58.724] [DEBUG] cheese - adddd
[2022-02-28T10:35:58.727] [DEBUG] cheese - null
[2022-02-28T10:35:58.727] [DEBUG] cheese - null
[2022-02-28T10:36:09.337] [DEBUG] cheese - login => username:admin,password:123456
[2022-02-28T10:36:09.337] [DEBUG] cheese - admin
[2022-02-28T10:36:09.345] [DEBUG] cheese - null
[2022-02-28T10:36:09.345] [DEBUG] cheese - null
[2022-02-28T10:40:52.627] [DEBUG] cheese - null
[2022-02-28T10:40:54.144] [DEBUG] cheese - null
[2022-02-28T10:40:56.058] [DEBUG] cheese - null
[2022-02-28T10:43:18.290] [DEBUG] cheese - null
[2022-02-28T10:45:09.988] [DEBUG] cheese - null
[2022-02-28T10:46:20.291] [DEBUG] cheese - null
[2022-02-28T10:46:42.946] [DEBUG] cheese - null
[2022-02-28T10:46:51.074] [DEBUG] cheese - null
[2022-02-28T11:13:50.942] [DEBUG] cheese - login => username:admin,password:123456
[2022-02-28T11:13:50.944] [DEBUG] cheese - admin
[2022-02-28T11:13:50.957] [DEBUG] cheese - null
[2022-02-28T11:13:50.958] [DEBUG] cheese - null
[2022-11-15T10:37:16.704] [DEBUG] cheese - login => username:admin,password:123456
[2022-11-15T10:37:16.706] [DEBUG] cheese - admin
[2022-11-15T10:37:16.715] [DEBUG] cheese - null
[2022-11-15T10:37:16.715] [DEBUG] cheese - null
[2022-11-15T10:37:26.346] [DEBUG] cheese - login => username:admin,password:123456
[2022-11-15T10:37:26.346] [DEBUG] cheese - admin
[2022-11-15T10:37:26.348] [DEBUG] cheese - null
[2022-11-15T10:37:26.348] [DEBUG] cheese - null
[2022-11-15T10:38:05.226] [DEBUG] cheese - login => username:admi,password:123456
[2022-11-15T10:38:05.227] [DEBUG] cheese - admi
[2022-11-15T10:38:05.229] [DEBUG] cheese - null
[2022-11-15T10:38:05.229] [DEBUG] cheese - null
[2022-11-15T10:38:10.409] [DEBUG] cheese - login => username:admin,password:123456
[2022-11-15T10:38:10.409] [DEBUG] cheese - admin
[2022-11-15T10:38:10.410] [DEBUG] cheese - null
[2022-11-15T10:38:10.410] [DEBUG] cheese - null
[2022-11-15T10:38:13.118] [DEBUG] cheese - login => username:admin,password:123456
[2022-11-15T10:38:13.118] [DEBUG] cheese - admin
[2022-11-15T10:38:13.119] [DEBUG] cheese - null
[2022-11-15T10:38:13.119] [DEBUG] cheese - null
[2022-11-15T10:38:15.399] [DEBUG] cheese - login => username:admin,password:123456
[2022-11-15T10:38:15.399] [DEBUG] cheese - admin
[2022-11-15T10:38:15.400] [DEBUG] cheese - null
[2022-11-15T10:38:15.400] [DEBUG] cheese - null
